2143675
2143756
2145376
2145673
2145736
2146375
2146735
2146753
2147356
2147635
2147653
2153476
2153674
2153746
2156374
2156473
2156734
2156743
2157346
2157436
2157634
2157643
2163475
2163745
2163754
2165374
2165473
2165734
2165743
2167345
2167354
2167435
2167453
2173456
2173645
2173654
2175346
2175436
2175634
2175643
2176345
2176354
2176435
2176453
2315476
2315674
2315746
2316475
2316745
2316754
2317456
2317645
2317654
2341675
2341756
2345176
2345671
2345716
2346175
2346715
2346751
2347156
2347615
2347651
2351476
2351674
2351746
2356174
2356471
2356714
2356741
2357146
2357416
2357614
2357641
2361475
2361745
2361754
2365174
2365471
2365714
2365741
2367145
2367154
2367415
2367451
2371456
2371645
2371654
2375146
2375416
2375614
2375641
2376145
2376154
2376415
2376451
2413675
2413756
2415376
2415673
2415736
2416375
2416735
2416753
2417356
2417635
2417653
2451376
2451673
2451736
2453176
2453671
2453716
2456173
2456371
2456713
2456731
2457136
2457316
2457613
2457631
2461375
2461735
2461753
2463175
2463715
2463751
2465173
2465371
2465713
2465731
2467135
2467153
2467315
2467351
2471356
2471635
2471653
2473156
2473615
2473651
2475136
2475316
2475613
2475631
2476135
2476153
2476315
2476351
2513476
2513674
2513746
2516374
2516473
2516734
2516743
2517346
2517436
2517634
2517643
2541376
2541673
2541736
2543176
2543671
2543716
2546173
2546371
2546713
2546731
2547136
2547316
2547613
2547631
2561374
2561473
2561734
2561743
2563174
2563471
2563714
2563741
2567134
2567143
2567314
2567341
2567413
2567431
2571346
2571436
2571634
2571643
2573146
2573416
2573614
2573641
2576134
2576143
2576314
2576341
2576413
2576431
2613475
2613745
2613754
2615374
2615473
2615734
2615743
2617345
2617354
2617435
2617453
2641375
2641735
2641753
2643175
2643715
2643751
2645173
2645371
2645713
2645731
2647135
2647153
2647315
2647351
2651374
2651473
2651734
2651743
2653174
2653471
2653714
2653741
2657134
2657143
2657314
2657341
2657413
2657431
2671345
2671354
2671435
2671453
2673145
2673154
2673415
2673451
2675134
2675143
2675314
2675341
2675413
2675431
2713456
2713645
2713654
2715346
2715436
2715634
2715643
2716345
2716354
2716435
2716453
2741356
2741635
2741653
2743156
2743615
2743651
2745136
2745316
2745613
2745631
2746135
2746153
2746315
2746351
2751346
2751436
2751634
2751643
2753146
2753416
2753614
2753641
2756134
2756143
2756314
2756341
2756413
2756431
2761345
2761354
2761435
2761453
2763145
2763154
2763415
2763451
2765134
2765143
2765314
2765341
2765413
2765431
3125476
3125674
3125746
3126475
3126745
3126754
3127456
3127645
3127654
3142675
3142756
3145276
3145672
3145726
3146275
3146725
3146752
3147256
3147625
3147652
3152476
3152674
3152746
3156274
3156472
3156724
3156742
3157246
3157426
3157624
3157642
3162475
3162745
3162754
3165274
3165472
3165724
3165742
3167245
3167254
3167425
3167452
3172456
3172645
3172654
3175246
3175426
3175624
3175642
3176245
3176254
3176425
3176452
3412675
3412756
3415276
3415672
3415726
3416275
3416725
3416752
3417256
3417625
3417652
3421675
3421756
3425176
3425671
3425716
3426175
3426715
3426751
3427156
3427615
3427651
3451276
3451672
3451726
3452176
3452671
3452716
3456172
3456271
3456712
3456721
3457126
3457216
3457612
3457621
3461275
3461725
3461752
3462175
3462715
3462751
3465172
3465271
3465712
3465721
3467125
3467152
3467215
3467251
3471256
3471625
3471652
3472156
3472615
3472651
3475126
3475216
3475612
3475621
3476125
3476152
3476215
3476251
3512476
3512674
3512746
3516274
3516472
3516724
3516742
3517246
3517426
3517624
3517642
3521476
3521674
3521746
3526174
3526471
3526714
3526741
3527146
3527416
3527614
3527641
3541276
3541672
3541726
3542176
3542671
3542716
3546172
3546271
3546712
3546721
3547126
3547216
3547612
3547621
3561274
3561472
3561724
3561742
3562174
3562471
3562714
3562741
3567124
3567142
3567214
3567241
3567412
3567421
3571246
3571426
3571624
3571642
3572146
3572416
3572614
3572641
3576124
3576142
3576214
3576241
3576412
3576421
3612475
3612745
3612754
3615274
3615472
3615724
3615742
3617245
3617254
3617425
3617452
3621475
3621745
3621754
3625174
3625471
3625714
3625741
3627145
3627154
3627415
3627451
3641275
3641725
3641752
3642175
3642715
3642751
3645172
3645271
3645712
3645721
3647125
3647152
3647215
3647251
3651274
3651472
3651724
3651742
3652174
3652471
3652714
3652741
3657124
3657142
3657214
3657241
3657412
3657421
3671245
3671254
3671425
3671452
3672145
3672154
3672415
3672451
3675124
3675142
3675214
3675241
3675412
3675421
3712456
3712645
3712654
3715246
3715426
3715624
3715642
3716245
3716254
3716425
3716452
3721456
3721645
3721654
3725146
3725416
3725614
3725641
3726145
3726154
3726415
3726451
3741256
3741625
3741652
3742156
3742615
3742651
3745126
3745216
3745612
3745621
3746125
3746152
3746215
3746251
3751246
3751426
3751624
3751642
3752146
3752416
3752614
3752641
3756124
3756142
3756214
3756241
3756412
3756421
3761245
3761254
3761425
3761452
3762145
3762154
3762415
3762451
3765124
3765142
3765214
3765241
3765412
3765421
4123675
4123756
4125376
4125673
4125736
4126375
4126735
4126753
4127356
4127635
4127653
4152376
4152673
4152736
4153276
4153672
4153726
4156273
4156372
4156723
4156732
4157236
4157326
4157623
4157632
4162375
4162735
4162753
4163275
4163725
4163752
4165273
4165372
4165723
4165732
4167235
4167253
4167325
4167352
4172356
4172635
4172653
4173256
4173625
4173652
4175236
4175326
4175623
4175632
4176235
4176253
4176325
4176352
4312675
4312756
4315276
4315672
4315726
4316275
4316725
4316752
4317256
4317625
4317652
4321675
4321756
4325176
4325671
4325716
4326175
4326715
4326751
4327156
4327615
4327651
4351276
4351672
4351726
4352176
4352671
4352716
4356172
4356271
4356712
4356721
4357126
4357216
4357612
4357621
4361275
4361725
4361752
4362175
4362715
4362751
4365172
4365271
4365712
4365721
4367125
4367152
4367215
4367251
4371256
4371625
4371652
4372156
4372615
4372651
4375126
4375216
4375612
4375621
4376125
4376152
4376215
4376251
4512376
4512673
4512736
4513276
4513672
4513726
4516273
4516372
4516723
4516732
4517236
4517326
4517623
4517632
4521376
4521673
4521736
4523176
4523671
4523716
4526173
4526371
4526713
4526731
4527136
4527316
4527613
4527631
4561273
4561372
4561723
4561732
4562173
4562371
4562713
4562731
4563172
4563271
4563712
4563721
4567123
4567132
4567213
4567231
4567312
4567321
4571236
4571326
4571623
4571632
4572136
4572316
4572613
4572631
4573126
4573216
4573612
4573621
4576123
4576132
4576213
4576231
4576312
4576321
4612375
4612735
4612753
4613275
4613725
4613752
4615273
4615372
4615723
4615732
4617235
4617253
4617325
4617352
4621375
4621735
4621753
4623175
4623715
4623751
4625173
4625371
4625713
4625731
4627135
4627153
4627315
4627351
4651273
4651372
4651723
4651732
4652173
4652371
4652713
4652731
4653172
4653271
4653712
4653721
4657123
4657132
4657213
4657231
4657312
4657321
4671235
4671253
4671325
4671352
4672135
4672153
4672315
4672351
4673125
4673152
4673215
4673251
4675123
4675132
4675213
4675231
4675312
4675321
4712356
4712635
4712653
4713256
4713625
4713652
4715236
4715326
4715623
4715632
4716235
4716253
4716325
4716352
4721356
4721635
4721653
4723156
4723615
4723651
4725136
4725316
4725613
4725631
4726135
4726153
4726315
4726351
4751236
4751326
4751623
4751632
4752136
4752316
4752613
4752631
4753126
4753216
4753612
4753621
4756123
4756132
4756213
4756231
4756312
4756321
4761235
4761253
4761325
4761352
4762135
4762153
4762315
4762351
4763125
4763152
4763215
4763251
4765123
4765132
4765213
4765231
4765312
4765321
5123476
5123674
5123746
5126374
5126473
5126734
5126743
5127346
5127436
5127634
5127643
5142376
5142673
5142736
5143276
5143672
5143726
5146273
5146372
5146723
5146732
5147236
5147326
5147623
5147632
5162374
5162473
5162734
5162743
5163274
5163472
5163724
5163742
5167234
5167243
5167324
5167342
5167423
5167432
5172346
5172436
5172634
5172643
5173246
5173426
5173624
5173642
5176234
5176243
5176324
5176342
5176423
5176432
5312476
5312674
5312746
5316274
5316472
5316724
5316742
5317246
5317426
5317624
5317642
5321476
5321674
5321746
5326174
5326471
5326714
5326741
5327146
5327416
5327614
5327641
5341276
5341672
5341726
5342176
5342671
5342716
5346172
5346271
5346712
5346721
5347126
5347216
5347612
5347621
5361274
5361472
5361724
5361742
5362174
5362471
5362714
5362741
5367124
5367142
5367214
5367241
5367412
5367421
5371246
5371426
5371624
5371642
5372146
5372416
5372614
5372641
5376124
5376142
5376214
5376241
5376412
5376421
5412376
5412673
5412736
5413276
5413672
5413726
5416273
5416372
5416723
5416732
5417236
5417326
5417623
5417632
5421376
5421673
5421736
5423176
5423671
5423716
5426173
5426371
5426713
5426731
5427136
5427316
5427613
5427631
5461273
5461372
5461723
5461732
5462173
5462371
5462713
5462731
5463172
5463271
5463712
5463721
5467123
5467132
5467213
5467231
5467312
5467321
5471236
5471326
5471623
5471632
5472136
5472316
5472613
5472631
5473126
5473216
5473612
5473621
5476123
5476132
5476213
5476231
5476312
5476321
5612374
5612473
5612734
5612743
5613274
5613472
5613724
5613742
5617234
5617243
5617324
5617342
5617423
5617432
5621374
5621473
5621734
5621743
5623174
5623471
5623714
5623741
5627134
5627143
5627314
5627341
5627413
5627431
5641273
5641372
5641723
5641732
5642173
5642371
5642713
5642731
5643172
5643271
5643712
5643721
5647123
5647132
5647213
5647231
5647312
5647321
5671234
5671243
5671324
5671342
5671423
5671432
5672134
5672143
5672314
5672341
5672413
5672431
5673124
5673142
5673214
5673241
5673412
5673421
5712346
5712436
5712634
5712643
5713246
5713426
5713624
5713642
5716234
5716243
5716324
5716342
5716423
5716432
5721346
5721436
5721634
5721643
5723146
5723416
5723614
5723641
5726134
5726143
5726314
5726341
5726413
5726431
5741236
5741326
5741623
5741632
5742136
5742316
5742613
5742631
5743126
5743216
5743612
5743621
5746123
5746132
5746213
5746231
5746312
5746321
5761234
5761243
5761324
5761342
5761423
5761432
5762134
5762143
5762314
5762341
5762413
5762431
5763124
5763142
5763214
5763241
5763412
5763421
6123475
6123745
6123754
6125374
6125473
6125734
6125743
6127345
6127354
6127435
6127453
6142375
6142735
6142753
6143275
6143725
6143752
6145273
6145372
6145723
6145732
6147235
6147253
6147325
6147352
6152374
6152473
6152734
6152743
6153274
6153472
6153724
6153742
6157234
6157243
6157324
6157342
6157423
6157432
6172345
6172354
6172435
6172453
6173245
6173254
6173425
6173452
6175234
6175243
6175324
6175342
6175423
6175432
6312475
6312745
6312754
6315274
6315472
6315724
6315742
6317245
6317254
6317425
6317452
6321475
6321745
6321754
6325174
6325471
6325714
6325741
6327145
6327154
6327415
6327451
6341275
6341725
6341752
6342175
6342715
6342751
6345172
6345271
6345712
6345721
6347125
6347152
6347215
6347251
6351274
6351472
6351724
6351742
6352174
6352471
6352714
6352741
6357124
6357142
6357214
6357241
6357412
6357421
6371245
6371254
6371425
6371452
6372145
6372154
6372415
6372451
6375124
6375142
6375214
6375241
6375412
6375421
6412375
6412735
6412753
6413275
6413725
6413752
6415273
6415372
6415723
6415732
6417235
6417253
6417325
6417352
6421375
6421735
6421753
6423175
6423715
6423751
6425173
6425371
6425713
6425731
6427135
6427153
6427315
6427351
6451273
6451372
6451723
6451732
6452173
6452371
6452713
6452731
6453172
6453271
6453712
6453721
6457123
6457132
6457213
6457231
6457312
6457321
6471235
6471253
6471325
6471352
6472135
6472153
6472315
6472351
6473125
6473152
6473215
6473251
6475123
6475132
6475213
6475231
6475312
6475321
6512374
6512473
6512734
6512743
6513274
6513472
6513724
6513742
6517234
6517243
6517324
6517342
6517423
6517432
6521374
6521473
6521734
6521743
6523174
6523471
6523714
6523741
6527134
6527143
6527314
6527341
6527413
6527431
6541273
6541372
6541723
6541732
6542173
6542371
6542713
6542731
6543172
6543271
6543712
6543721
6547123
6547132
6547213
6547231
6547312
6547321
6571234
6571243
6571324
6571342
6571423
6571432
6572134
6572143
6572314
6572341
6572413
6572431
6573124
6573142
6573214
6573241
6573412
6573421
6712345
6712354
6712435
6712453
6713245
6713254
6713425
6713452
6715234
6715243
6715324
6715342
6715423
6715432
6721345
6721354
6721435
6721453
6723145
6723154
6723415
6723451
6725134
6725143
6725314
6725341
6725413
6725431
6741235
6741253
6741325
6741352
6742135
6742153
6742315
6742351
6743125
6743152
6743215
6743251
6745123
6745132
6745213
6745231
6745312
6745321
6751234
6751243
6751324
6751342
6751423
6751432
6752134
6752143
6752314
6752341
6752413
6752431
6753124
6753142
6753214
6753241
6753412
6753421
7123456
7123645
7123654
7125346
7125436
7125634
7125643
7126345
7126354
7126435
7126453
7142356
7142635
7142653
7143256
7143625
7143652
7145236
7145326
7145623
7145632
7146235
7146253
7146325
7146352
7152346
7152436
7152634
7152643
7153246
7153426
7153624
7153642
7156234
7156243
7156324
7156342
7156423
7156432
7162345
7162354
7162435
7162453
7163245
7163254
7163425
7163452
7165234
7165243
7165324
7165342
7165423
7165432
7312456
7312645
7312654
7315246
7315426
7315624
7315642
7316245
7316254
7316425
7316452
7321456
7321645
7321654
7325146
7325416
7325614
7325641
7326145
7326154
7326415
7326451
7341256
7341625
7341652
7342156
7342615
7342651
7345126
7345216
7345612
7345621
7346125
7346152
7346215
7346251
7351246
7351426
7351624
7351642
7352146
7352416
7352614
7352641
7356124
7356142
7356214
7356241
7356412
7356421
7361245
7361254
7361425
7361452
7362145
7362154
7362415
7362451
7365124
7365142
7365214
7365241
7365412
7365421
7412356
7412635
7412653
7413256
7413625
7413652
7415236
7415326
7415623
7415632
7416235
7416253
7416325
7416352
7421356
7421635
7421653
7423156
7423615
7423651
7425136
7425316
7425613
7425631
7426135
7426153
7426315
7426351
7451236
7451326
7451623
7451632
7452136
7452316
7452613
7452631
7453126
7453216
7453612
7453621
7456123
7456132
7456213
7456231
7456312
7456321
7461235
7461253
7461325
7461352
7462135
7462153
7462315
7462351
7463125
7463152
7463215
7463251
7465123
7465132
7465213
7465231
7465312
7465321
7512346
7512436
7512634
7512643
7513246
7513426
7513624
7513642
7516234
7516243
7516324
7516342
7516423
7516432
7521346
7521436
7521634
7521643
7523146
7523416
7523614
7523641
7526134
7526143
7526314
7526341
7526413
7526431
7541236
7541326
7541623
7541632
7542136
7542316
7542613
7542631
7543126
7543216
7543612
7543621
7546123
7546132
7546213
7546231
7546312
7546321
7561234
7561243
7561324
7561342
7561423
7561432
7562134
7562143
7562314
7562341
7562413
7562431
7563124
7563142
7563214
7563241
7563412
7563421
7612345
7612354
7612435
7612453
7613245
7613254
7613425
7613452
7615234
7615243
7615324
7615342
7615423
7615432
7621345
7621354
7621435
7621453
7623145
7623154
7623415
7623451
7625134
7625143
7625314
7625341
7625413
7625431
7641235
7641253
7641325
7641352
7642135
7642153
7642315
7642351
7643125
7643152
7643215
7643251
7645123
7645132
7645213
7645231
7645312
7645321
7651234
7651243
7651324
7651342
7651423
7651432
7652134
7652143
7652314
7652341
7652413
7652431
7653124
7653142
7653214
7653241
7653412
7653421
